<?xml version="1.0" encoding="UTF-8"?>
<!-- Generated by org.testng.reporters.JUnitXMLReporter -->
<testsuite hostname="D9075CQ1" ignored="6" tests="0" failures="0" timestamp="24 Sep 2018 10:43:55 GMT" time="0.006" errors="0">
  <testcase name="aboutPageTest" time="0.0" classname="com.chrome.test.ElevateTest">
    <ignored/>
  </testcase> <!-- aboutPageTest -->
  <testcase name="titleTest" time="0.0" classname="com.chrome.test.ElevateTest">
    <ignored/>
  </testcase> <!-- titleTest -->
  <testcase name="contactUsPageTest" time="0.0" classname="com.chrome.test.ElevateTest">
    <ignored/>
  </testcase> <!-- contactUsPageTest -->
  <testcase name="policyTest" time="0.0" classname="com.chrome.test.ElevateTest">
    <ignored/>
  </testcase> <!-- policyTest -->
  <testcase name="tochTest" time="0.0" classname="com.chrome.test.ElevateTest">
    <ignored/>
  </testcase> <!-- tochTest -->
  <testcase name="menuTest" time="0.0" classname="com.chrome.test.ElevateTest">
    <ignored/>
  </testcase> <!-- menuTest -->
</testsuite>
